[2021/05/19 13:13:47.9350 / ::1 ( C:\xampp\htdocs\questionnaire\model\add_question_result_model.php / 21 ) ] 1
[2021/05/19 13:13:47.9410 / ::1 ( C:\xampp\htdocs\questionnaire\model\add_question_result_model.php / 30 ) ] 1
[2021/05/19 13:13:49.3435 / ::1 ( C:\xampp\htdocs\questionnaire\model\add_question_result_model.php / 21 ) ] 1
[2021/05/19 13:13:49.3703 / ::1 ( C:\xampp\htdocs\questionnaire\act\thanks.php / 34 ) ] Array
(
    [q1] => 
    [q8] => 
)

[2021/05/19 13:14:13.9757 / ::1 ( C:\xampp\htdocs\questionnaire\model\add_question_result_model.php / 21 ) ] 1
[2021/05/19 13:14:27.3728 / ::1 ( C:\xampp\htdocs\questionnaire\model\add_question_result_model.php / 21 ) ] 1
[2021/05/19 13:14:27.3781 / ::1 ( C:\xampp\htdocs\questionnaire\model\add_question_result_model.php / 30 ) ] 1
[2021/05/19 13:14:27.4033 / ::1 ( C:\xampp\htdocs\questionnaire\act\thanks.php / 34 ) ] Array
(
    [q1] => noname
    [q2] => 2
    [q3] => 2
    [q4] => 1
    [q5] => 4
    [q6] => 4
    [q7] => 4
    [q8] => noname
)

[2021/05/19 13:22:29.5262 / ::1 ( C:\xampp\htdocs\questionnaire\model\add_question_result_model.php / 21 ) ] 1
[2021/05/19 13:22:29.5341 / ::1 ( C:\xampp\htdocs\questionnaire\model\add_question_result_model.php / 30 ) ] 1
[2021/05/19 13:22:42.1735 / ::1 ( C:\xampp\htdocs\questionnaire\model\add_question_result_model.php / 21 ) ] 1
[2021/05/19 13:22:42.1776 / ::1 ( C:\xampp\htdocs\questionnaire\model\add_question_result_model.php / 30 ) ] 1
[2021/05/19 13:22:59.1017 / ::1 ( C:\xampp\htdocs\questionnaire\model\add_question_result_model.php / 21 ) ] 1
[2021/05/19 13:22:59.1050 / ::1 ( C:\xampp\htdocs\questionnaire\model\add_question_result_model.php / 30 ) ] 1
[2021/05/19 13:23:07.1882 / ::1 ( C:\xampp\htdocs\questionnaire\model\add_question_result_model.php / 21 ) ] 1
[2021/05/19 13:23:07.1920 / ::1 ( C:\xampp\htdocs\questionnaire\model\add_question_result_model.php / 30 ) ] 1
[2021/05/19 13:23:07.2128 / ::1 ( C:\xampp\htdocs\questionnaire\act\thanks.php / 34 ) ] Array
(
    [q1] => ww
    [q2] => 3
    [q3] => 4
    [q4] => 3
    [q5] => 5
    [q6] => 5
    [q7] => 5
    [q8] => ww
)

[2021/05/19 13:24:37.92 / ::1 ( C:\xampp\htdocs\questionnaire\act\thanks.php / 34 ) ] Array
(
    [q1] => ww
    [q2] => 3
    [q3] => 4
    [q4] => 3
    [q5] => 5
    [q6] => 5
    [q7] => 5
    [q8] => ww
)

[2021/05/19 13:25:50.9924 / ::1 ( C:\xampp\htdocs\questionnaire\act\thanks.php / 34 ) ] Array
(
    [q1] => ww
    [q2] => 3
    [q3] => 4
    [q4] => 3
    [q5] => 5
    [q6] => 5
    [q7] => 5
    [q8] => ww
)

[2021/05/19 13:27:11.4371 / ::1 ( C:\xampp\htdocs\questionnaire\act\thanks.php / 34 ) ] Array
(
    [q1] => ww
    [q2] => 3
    [q3] => 4
    [q4] => 3
    [q5] => 5
    [q6] => 5
    [q7] => 5
    [q8] => ww
)

[2021/05/19 13:27:43.5937 / ::1 ( C:\xampp\htdocs\questionnaire\model\add_question_result_model.php / 21 ) ] 1
[2021/05/19 13:27:43.6038 / ::1 ( C:\xampp\htdocs\questionnaire\model\add_question_result_model.php / 30 ) ] 1
[2021/05/19 13:27:55.945 / ::1 ( C:\xampp\htdocs\questionnaire\model\add_question_result_model.php / 21 ) ] 1
[2021/05/19 13:27:55.985 / ::1 ( C:\xampp\htdocs\questionnaire\model\add_question_result_model.php / 30 ) ] 1
[2021/05/19 13:28:05.4519 / ::1 ( C:\xampp\htdocs\questionnaire\model\add_question_result_model.php / 21 ) ] 1
[2021/05/19 13:28:05.4547 / ::1 ( C:\xampp\htdocs\questionnaire\model\add_question_result_model.php / 30 ) ] 1
[2021/05/19 13:28:11.6228 / ::1 ( C:\xampp\htdocs\questionnaire\model\add_question_result_model.php / 21 ) ] 1
[2021/05/19 13:28:11.6282 / ::1 ( C:\xampp\htdocs\questionnaire\model\add_question_result_model.php / 30 ) ] 1
[2021/05/19 13:28:11.6531 / ::1 ( C:\xampp\htdocs\questionnaire\act\thanks.php / 34 ) ] Array
(
    [q1] => ぱ
    [q2] => 3
    [q3] => 4
    [q4] => 3
    [q5] => 5
    [q6] => 5
    [q7] => 5
    [q8] => ぱ
)

[2021/05/19 13:29:28.5846 / ::1 ( C:\xampp\htdocs\questionnaire\act\thanks.php / 34 ) ] Array
(
    [q1] => ぱ
    [q2] => 3
    [q3] => 4
    [q4] => 3
    [q5] => 5
    [q6] => 5
    [q7] => 5
    [q8] => ぱ
)

[2021/05/19 13:31:20.9567 / ::1 ( C:\xampp\htdocs\questionnaire\model\add_question_result_model.php / 21 ) ] 1
[2021/05/19 13:31:20.9628 / ::1 ( C:\xampp\htdocs\questionnaire\model\add_question_result_model.php / 30 ) ] 1
[2021/05/19 13:31:20.9806 / ::1 ( C:\xampp\htdocs\questionnaire\act\thanks.php / 34 ) ] Array
(
    [q1] => ぱ
    [q2] => 2
    [q3] => 3
    [q4] => 2
    [q5] => 5
    [q6] => 5
    [q7] => 5
    [q8] => ぱ
)

[2021/05/19 13:40:02.4692 / ::1 ( C:\xampp\htdocs\questionnaire\model\add_question_result_model.php / 21 ) ] 1
[2021/05/19 13:40:15.2195 / ::1 ( C:\xampp\htdocs\questionnaire\model\add_question_result_model.php / 21 ) ] 1
[2021/05/19 13:40:15.2231 / ::1 ( C:\xampp\htdocs\questionnaire\model\add_question_result_model.php / 30 ) ] 1
[2021/05/19 13:40:15.2482 / ::1 ( C:\xampp\htdocs\questionnaire\act\thanks.php / 34 ) ] Array
(
    [q1] => も
    [q2] => 2
    [q3] => 2
    [q4] => 1
    [q5] => 4
    [q6] => 4
    [q7] => 4
    [q8] => も
)

[2021/05/19 13:40:55.8571 / ::1 ( C:\xampp\htdocs\questionnaire\act\thanks.php / 34 ) ] Array
(
    [q1] => も
    [q2] => 2
    [q3] => 2
    [q4] => 1
    [q5] => 4
    [q6] => 4
    [q7] => 4
    [q8] => も
)

[2021/05/19 13:42:22.1577 / ::1 ( C:\xampp\htdocs\questionnaire\model\add_question_result_model.php / 21 ) ] 1
[2021/05/19 13:42:22.1660 / ::1 ( C:\xampp\htdocs\questionnaire\model\add_question_result_model.php / 30 ) ] 1
[2021/05/19 13:42:22.1841 / ::1 ( C:\xampp\htdocs\questionnaire\act\thanks.php / 34 ) ] Array
(
    [q1] => としき
    [q2] => 3
    [q3] => 2
    [q4] => 4
    [q5] => 1
    [q6] => 4
    [q7] => 7
    [q8] => 優勝目指してがんばります:)
)

[2021/05/19 17:29:27.802 / ::1 ( C:\xampp\htdocs\questionnaire\model\add_question_result_model.php / 21 ) ] 1
[2021/05/19 17:29:27.851 / ::1 ( C:\xampp\htdocs\questionnaire\model\add_question_result_model.php / 30 ) ] 1
[2021/05/19 17:29:27.1121 / ::1 ( C:\xampp\htdocs\questionnaire\act\thanks.php / 34 ) ] Array
(
    [q1] => 加藤純一
    [q2] => 2
    [q3] => 2
    [q4] => 1
    [q5] => 5
    [q6] => 4
    [q7] => 3
    [q8] => 加藤純一
)

[2021/05/19 19:43:42.6201 / ::1 ( C:\xampp\htdocs\questionnaire\model\add_question_result_model.php / 21 ) ] 1
[2021/05/19 19:43:42.6232 / ::1 ( C:\xampp\htdocs\questionnaire\model\add_question_result_model.php / 30 ) ] 1
[2021/05/19 19:44:01.5368 / ::1 ( C:\xampp\htdocs\questionnaire\model\add_question_result_model.php / 21 ) ] 1
[2021/05/19 19:44:01.5405 / ::1 ( C:\xampp\htdocs\questionnaire\model\add_question_result_model.php / 30 ) ] 1
[2021/05/19 19:46:22.1320 / ::1 ( C:\xampp\htdocs\questionnaire\model\add_question_result_model.php / 21 ) ] 1
[2021/05/19 19:46:22.1383 / ::1 ( C:\xampp\htdocs\questionnaire\model\add_question_result_model.php / 30 ) ] 1
[2021/05/19 19:46:34.7216 / ::1 ( C:\xampp\htdocs\questionnaire\model\add_question_result_model.php / 21 ) ] 1
[2021/05/19 19:46:34.7245 / ::1 ( C:\xampp\htdocs\questionnaire\model\add_question_result_model.php / 30 ) ] 1
[2021/05/19 19:46:35.6164 / ::1 ( C:\xampp\htdocs\questionnaire\model\add_question_result_model.php / 21 ) ] 1
[2021/05/19 19:48:30.5426 / ::1 ( C:\xampp\htdocs\questionnaire\model\add_question_result_model.php / 21 ) ] 1
[2021/05/19 19:48:30.5458 / ::1 ( C:\xampp\htdocs\questionnaire\model\add_question_result_model.php / 30 ) ] 1
[2021/05/19 19:51:20.1938 / ::1 ( C:\xampp\htdocs\questionnaire\model\add_question_result_model.php / 21 ) ] 1
[2021/05/19 19:51:20.1964 / ::1 ( C:\xampp\htdocs\questionnaire\model\add_question_result_model.php / 30 ) ] 1
[2021/05/19 19:51:32.2273 / ::1 ( C:\xampp\htdocs\questionnaire\model\add_question_result_model.php / 21 ) ] 1
[2021/05/19 19:51:32.2305 / ::1 ( C:\xampp\htdocs\questionnaire\model\add_question_result_model.php / 30 ) ] 1
[2021/05/19 19:51:33.796 / ::1 ( C:\xampp\htdocs\questionnaire\model\add_question_result_model.php / 21 ) ] 1
[2021/05/19 19:51:33.1182 / ::1 ( C:\xampp\htdocs\questionnaire\act\thanks.php / 48 ) ] 1
