[2021/05/12 17:17:10.457 / ::1 ( C:\xampp\htdocs\questionnaire\model\add_question_result_model.php / 21 ) ] 1
[2021/05/12 17:17:10.510 / ::1 ( C:\xampp\htdocs\questionnaire\model\add_question_result_model.php / 30 ) ] 1
[2021/05/12 17:17:10.9315 / ::1 ( C:\xampp\htdocs\questionnaire\model\add_question_result_model.php / 21 ) ] 1
[2021/05/12 17:17:10.9361 / ::1 ( C:\xampp\htdocs\questionnaire\model\add_question_result_model.php / 30 ) ] 1
[2021/05/12 17:17:11.7943 / ::1 ( C:\xampp\htdocs\questionnaire\model\add_question_result_model.php / 21 ) ] 1
[2021/05/12 17:17:11.7978 / ::1 ( C:\xampp\htdocs\questionnaire\model\add_question_result_model.php / 30 ) ] 1
[2021/05/12 17:17:11.9929 / ::1 ( C:\xampp\htdocs\questionnaire\model\add_question_result_model.php / 21 ) ] 1
[2021/05/12 17:17:11.9976 / ::1 ( C:\xampp\htdocs\questionnaire\model\add_question_result_model.php / 30 ) ] 1
[2021/05/12 17:17:22.2542 / ::1 ( C:\xampp\htdocs\questionnaire\model\add_question_result_model.php / 21 ) ] 1
[2021/05/12 17:17:22.2570 / ::1 ( C:\xampp\htdocs\questionnaire\model\add_question_result_model.php / 30 ) ] 1
[2021/05/12 17:18:08.1765 / ::1 ( C:\xampp\htdocs\questionnaire\model\add_question_result_model.php / 21 ) ] 1
[2021/05/12 17:18:08.1800 / ::1 ( C:\xampp\htdocs\questionnaire\model\add_question_result_model.php / 30 ) ] 1
[2021/05/12 17:27:55.8358 / ::1 ( C:\xampp\htdocs\questionnaire\model\add_question_result_model.php / 21 ) ] 1
[2021/05/12 17:27:55.8385 / ::1 ( C:\xampp\htdocs\questionnaire\model\add_question_result_model.php / 30 ) ] 1
[2021/05/12 17:29:23.4632 / ::1 ( C:\xampp\htdocs\questionnaire\model\add_question_result_model.php / 21 ) ] 1
[2021/05/12 17:29:23.4661 / ::1 ( C:\xampp\htdocs\questionnaire\model\add_question_result_model.php / 30 ) ] 1
[2021/05/12 17:29:50.8353 / ::1 ( C:\xampp\htdocs\questionnaire\model\add_question_result_model.php / 21 ) ] 1
[2021/05/12 17:29:50.8393 / ::1 ( C:\xampp\htdocs\questionnaire\model\add_question_result_model.php / 30 ) ] 1
[2021/05/12 17:30:48.6035 / ::1 ( C:\xampp\htdocs\questionnaire\model\add_question_result_model.php / 21 ) ] 1
[2021/05/12 17:30:48.6067 / ::1 ( C:\xampp\htdocs\questionnaire\model\add_question_result_model.php / 30 ) ] 1
[2021/05/12 17:38:14.1601 / ::1 ( C:\xampp\htdocs\questionnaire\model\add_question_result_model.php / 21 ) ] 1
[2021/05/12 17:38:14.1637 / ::1 ( C:\xampp\htdocs\questionnaire\model\add_question_result_model.php / 30 ) ] 1
[2021/05/12 17:41:02.309 / ::1 ( C:\xampp\htdocs\questionnaire\model\add_question_result_model.php / 21 ) ] 1
[2021/05/12 17:41:02.341 / ::1 ( C:\xampp\htdocs\questionnaire\model\add_question_result_model.php / 30 ) ] 1
[2021/05/12 17:43:08.7705 / ::1 ( C:\xampp\htdocs\questionnaire\model\add_question_result_model.php / 21 ) ] 1
[2021/05/12 17:43:08.7741 / ::1 ( C:\xampp\htdocs\questionnaire\model\add_question_result_model.php / 30 ) ] 1
[2021/05/12 17:43:08.7929 / ::1 ( C:\xampp\htdocs\questionnaire\act\thanks.php / 34 ) ] Array
(
)

[2021/05/12 17:45:31.606 / ::1 ( C:\xampp\htdocs\questionnaire\model\add_question_result_model.php / 21 ) ] 1
[2021/05/12 17:45:31.657 / ::1 ( C:\xampp\htdocs\questionnaire\model\add_question_result_model.php / 30 ) ] 1
[2021/05/12 17:45:31.873 / ::1 ( C:\xampp\htdocs\questionnaire\act\thanks.php / 34 ) ] Array
(
)

[2021/05/12 17:46:28.9970 / ::1 ( C:\xampp\htdocs\questionnaire\model\add_question_result_model.php / 21 ) ] 1
[2021/05/12 17:46:29.11 / ::1 ( C:\xampp\htdocs\questionnaire\model\add_question_result_model.php / 30 ) ] 1
[2021/05/12 17:46:30.5996 / ::1 ( C:\xampp\htdocs\questionnaire\model\add_question_result_model.php / 21 ) ] 1
[2021/05/12 17:46:30.6288 / ::1 ( C:\xampp\htdocs\questionnaire\act\thanks.php / 34 ) ] Array
(
)

[2021/05/12 17:47:50.9075 / ::1 ( C:\xampp\htdocs\questionnaire\act\thanks.php / 34 ) ] Array
(
)

[2021/05/12 17:48:25.4572 / ::1 ( C:\xampp\htdocs\questionnaire\model\add_question_result_model.php / 21 ) ] 1
[2021/05/12 17:48:25.4608 / ::1 ( C:\xampp\htdocs\questionnaire\model\add_question_result_model.php / 30 ) ] 1
[2021/05/12 17:48:25.4823 / ::1 ( C:\xampp\htdocs\questionnaire\act\thanks.php / 34 ) ] Array
(
)

[2021/05/12 17:51:05.5461 / ::1 ( C:\xampp\htdocs\questionnaire\model\add_question_result_model.php / 21 ) ] 1
[2021/05/12 17:51:05.5556 / ::1 ( C:\xampp\htdocs\questionnaire\model\add_question_result_model.php / 30 ) ] 1
[2021/05/12 17:51:09.6653 / ::1 ( C:\xampp\htdocs\questionnaire\model\add_question_result_model.php / 21 ) ] 1
[2021/05/12 17:51:09.6855 / ::1 ( C:\xampp\htdocs\questionnaire\act\thanks.php / 34 ) ] Array
(
)

[2021/05/12 17:51:13.2642 / ::1 ( C:\xampp\htdocs\questionnaire\model\add_question_result_model.php / 21 ) ] 1
[2021/05/12 17:51:13.2938 / ::1 ( C:\xampp\htdocs\questionnaire\act\thanks.php / 34 ) ] Array
(
)

[2021/05/12 17:55:51.1624 / ::1 ( C:\xampp\htdocs\questionnaire\model\add_question_result_model.php / 21 ) ] 1
[2021/05/12 17:55:51.1672 / ::1 ( C:\xampp\htdocs\questionnaire\model\add_question_result_model.php / 30 ) ] 1
[2021/05/12 17:55:51.1907 / ::1 ( C:\xampp\htdocs\questionnaire\act\thanks.php / 34 ) ] Array
(
)

[2021/05/12 17:58:27.3050 / ::1 ( C:\xampp\htdocs\questionnaire\act\thanks.php / 34 ) ] Array
(
)

[2021/05/12 17:58:40.7009 / ::1 ( C:\xampp\htdocs\questionnaire\model\add_question_result_model.php / 21 ) ] 1
[2021/05/12 17:58:40.7064 / ::1 ( C:\xampp\htdocs\questionnaire\model\add_question_result_model.php / 30 ) ] 1
[2021/05/12 17:58:41.6736 / ::1 ( C:\xampp\htdocs\questionnaire\model\add_question_result_model.php / 21 ) ] 1
[2021/05/12 17:58:41.7088 / ::1 ( C:\xampp\htdocs\questionnaire\act\thanks.php / 34 ) ] Array
(
)

[2021/05/12 18:01:38.7986 / ::1 ( C:\xampp\htdocs\questionnaire\model\add_question_result_model.php / 21 ) ] 1
[2021/05/12 18:01:38.8019 / ::1 ( C:\xampp\htdocs\questionnaire\model\add_question_result_model.php / 30 ) ] 1
[2021/05/12 18:01:42.9549 / ::1 ( C:\xampp\htdocs\questionnaire\model\add_question_result_model.php / 21 ) ] 1
[2021/05/12 18:01:42.9908 / ::1 ( C:\xampp\htdocs\questionnaire\act\thanks.php / 34 ) ] Array
(
)

[2021/05/12 18:02:00.3310 / ::1 ( C:\xampp\htdocs\questionnaire\model\add_question_result_model.php / 21 ) ] 1
[2021/05/12 18:02:00.3347 / ::1 ( C:\xampp\htdocs\questionnaire\model\add_question_result_model.php / 30 ) ] 1
[2021/05/12 18:07:33.7722 / ::1 ( C:\xampp\htdocs\questionnaire\model\add_question_result_model.php / 21 ) ] 1
[2021/05/12 18:07:33.7779 / ::1 ( C:\xampp\htdocs\questionnaire\model\add_question_result_model.php / 30 ) ] 1
[2021/05/12 18:09:45.7239 / ::1 ( C:\xampp\htdocs\questionnaire\model\add_question_result_model.php / 21 ) ] 1
[2021/05/12 18:09:57.7766 / ::1 ( C:\xampp\htdocs\questionnaire\model\add_question_result_model.php / 21 ) ] 1
[2021/05/12 18:09:57.7795 / ::1 ( C:\xampp\htdocs\questionnaire\model\add_question_result_model.php / 30 ) ] 1
[2021/05/12 18:10:13.6307 / ::1 ( C:\xampp\htdocs\questionnaire\model\add_question_result_model.php / 21 ) ] 1
[2021/05/12 18:10:13.6340 / ::1 ( C:\xampp\htdocs\questionnaire\model\add_question_result_model.php / 30 ) ] 1
[2021/05/12 18:10:14.4312 / ::1 ( C:\xampp\htdocs\questionnaire\model\add_question_result_model.php / 21 ) ] 1
[2021/05/12 18:10:15.1961 / ::1 ( C:\xampp\htdocs\questionnaire\model\add_question_result_model.php / 21 ) ] 1
[2021/05/12 18:10:15.8686 / ::1 ( C:\xampp\htdocs\questionnaire\model\add_question_result_model.php / 21 ) ] 1
[2021/05/12 18:10:16.1687 / ::1 ( C:\xampp\htdocs\questionnaire\model\add_question_result_model.php / 21 ) ] 1
[2021/05/12 18:10:16.3795 / ::1 ( C:\xampp\htdocs\questionnaire\model\add_question_result_model.php / 21 ) ] 1
[2021/05/12 18:10:16.9201 / ::1 ( C:\xampp\htdocs\questionnaire\model\add_question_result_model.php / 21 ) ] 1
[2021/05/12 18:11:11.1650 / ::1 ( C:\xampp\htdocs\questionnaire\model\add_question_result_model.php / 21 ) ] 1
[2021/05/12 18:11:11.1688 / ::1 ( C:\xampp\htdocs\questionnaire\model\add_question_result_model.php / 30 ) ] 1
[2021/05/12 18:11:12.8690 / ::1 ( C:\xampp\htdocs\questionnaire\model\add_question_result_model.php / 21 ) ] 1
[2021/05/12 18:11:12.9110 / ::1 ( C:\xampp\htdocs\questionnaire\act\thanks.php / 34 ) ] Array
(
    [q1] => 
    [q8] => 
)

[2021/05/12 18:11:54.4954 / ::1 ( C:\xampp\htdocs\questionnaire\model\add_question_result_model.php / 21 ) ] 1
[2021/05/12 18:11:54.4988 / ::1 ( C:\xampp\htdocs\questionnaire\model\add_question_result_model.php / 30 ) ] 1
[2021/05/12 18:11:54.5351 / ::1 ( C:\xampp\htdocs\questionnaire\act\thanks.php / 34 ) ] Array
(
    [q1] => 1811
    [q2] => 2
    [q3] => 3
    [q4] => 1
    [q5] => 4
    [q6] => 4
    [q7] => 4
    [q8] => 1811
)

